# JRE version: OpenJDK Runtime Environment (8.0_202) (build 1.8.0_202-release-1483-b49-5587405)
# Java VM: OpenJDK 64-Bit Server VM (25.202-b49-5587405 mixed mode linux-amd64 compressed oops)
Heap:
 PSYoungGen      total 395264K, used 46928K [0x00000000e0000000, 0x00000000ff000000, 0x0000000100000000)
  eden space 281600K, 0% used [0x00000000e0000000,0x00000000e0000000,0x00000000f1300000)
  from space 113664K, 41% used [0x00000000f7d80000,0x00000000fab54100,0x00000000fec80000)
  to   space 109056K, 0% used [0x00000000f1300000,0x00000000f1300000,0x00000000f7d80000)
 ParOldGen       total 464384K, used 402336K [0x00000000a0000000, 0x00000000bc580000, 0x00000000e0000000)
  object space 464384K, 86% used [0x00000000a0000000,0x00000000b88e80d0,0x00000000bc580000)
 Metaspace       used 156401K, capacity 165069K, committed 169944K, reserved 1198080K
  class space    used 18308K, capacity 19796K, committed 20480K, reserved 1048576K
GC Heap History (10 events):
Event: 20094.901 GC heap after
Heap after GC invocations=153 (full 13):
 PSYoungGen      total 389120K, used 66871K [0x00000000e0000000, 0x0000000100000000, 0x0000000100000000)
  eden space 256000K, 0% used [0x00000000e0000000,0x00000000e0000000,0x00000000efa00000)
  from space 133120K, 50% used [0x00000000f7e00000,0x00000000fbf4de20,0x0000000100000000)
  to   space 134144K, 0% used [0x00000000efa00000,0x00000000efa00000,0x00000000f7d00000)
 ParOldGen       total 464384K, used 292345K [0x00000000a0000000, 0x00000000bc580000, 0x00000000e0000000)
  object space 464384K, 62% used [0x00000000a0000000,0x00000000b1d7e798,0x00000000bc580000)
 Metaspace       used 156323K, capacity 164949K, committed 169944K, reserved 1198080K
  class space    used 18304K, capacity 19788K, committed 20480K, reserved 1048576K
}
Event: 20099.004 GC heap before
{Heap before GC invocations=154 (full 13):
 PSYoungGen      total 389120K, used 322871K [0x00000000e0000000, 0x0000000100000000, 0x0000000100000000)
  eden space 256000K, 100% used [0x00000000e0000000,0x00000000efa00000,0x00000000efa00000)
  from space 133120K, 50% used [0x00000000f7e00000,0x00000000fbf4de20,0x0000000100000000)
  to   space 134144K, 0% used [0x00000000efa00000,0x00000000efa00000,0x00000000f7d00000)
 ParOldGen       total 464384K, used 292345K [0x00000000a0000000, 0x00000000bc580000, 0x00000000e0000000)
  object space 464384K, 62% used [0x00000000a0000000,0x00000000b1d7e798,0x00000000bc580000)
 Metaspace       used 156366K, capacity 164997K, committed 169944K, reserved 1198080K
  class space    used 18308K, capacity 19796K, committed 20480K, reserved 1048576K
Event: 20099.071 GC heap after
Heap after GC invocations=154 (full 13):
 PSYoungGen      total 289280K, used 33118K [0x00000000e0000000, 0x00000000ff200000, 0x0000000100000000)
  eden space 256000K, 0% used [0x00000000e0000000,0x00000000e0000000,0x00000000efa00000)
  from space 33280K, 99% used [0x00000000efa00000,0x00000000f1a57810,0x00000000f1a80000)
  to   space 126464K, 0% used [0x00000000f7680000,0x00000000f7680000,0x00000000ff200000)
 ParOldGen       total 464384K, used 347518K [0x00000000a0000000, 0x00000000bc580000, 0x00000000e0000000)
  object space 464384K, 74% used [0x00000000a0000000,0x00000000b535f8d8,0x00000000bc580000)
 Metaspace       used 156366K, capacity 164997K, committed 169944K, reserved 1198080K
  class space    used 18308K, capacity 19796K, committed 20480K, reserved 1048576K
}
Event: 20099.534 GC heap before
{Heap before GC invocations=155 (full 13):
 PSYoungGen      total 289280K, used 289118K [0x00000000e0000000, 0x00000000ff200000, 0x0000000100000000)
  eden space 256000K, 100% used [0x00000000e0000000,0x00000000efa00000,0x00000000efa00000)
  from space 33280K, 99% used [0x00000000efa00000,0x00000000f1a57810,0x00000000f1a80000)
  to   space 126464K, 0% used [0x00000000f7680000,0x00000000f7680000,0x00000000ff200000)
 ParOldGen       total 464384K, used 347518K [0x00000000a0000000, 0x00000000bc580000, 0x00000000e0000000)
  object space 464384K, 74% used [0x00000000a0000000,0x00000000b535f8d8,0x00000000bc580000)
 Metaspace       used 156374K, capacity 164997K, committed 169944K, reserved 1198080K
  class space    used 18308K, capacity 19796K, committed 20480K, reserved 1048576K
Event: 20099.569 GC heap after
Heap after GC invocations=155 (full 13):
 PSYoungGen      total 389120K, used 25156K [0x00000000e0000000, 0x0000000100000000, 0x0000000100000000)
  eden space 262656K, 0% used [0x00000000e0000000,0x00000000e0000000,0x00000000f0080000)
  from space 126464K, 19% used [0x00000000f7680000,0x00000000f8f113f8,0x00000000ff200000)
  to   space 120832K, 0% used [0x00000000f0080000,0x00000000f0080000,0x00000000f7680000)
 ParOldGen       total 464384K, used 371922K [0x00000000a0000000, 0x00000000bc580000, 0x00000000e0000000)
  object space 464384K, 80% used [0x00000000a0000000,0x00000000b6b34bb0,0x00000000bc580000)
 Metaspace       used 156374K, capacity 164997K, committed 169944K, reserved 1198080K
  class space    used 18308K, capacity 19796K, committed 20480K, reserved 1048576K
}
Event: 20100.064 GC heap before
{Heap before GC invocations=156 (full 13):
 PSYoungGen      total 389120K, used 287685K [0x00000000e0000000, 0x0000000100000000, 0x0000000100000000)
  eden space 262656K, 99% used [0x00000000e0000000,0x00000000f00602e8,0x00000000f0080000)
  from space 126464K, 19% used [0x00000000f7680000,0x00000000f8f113f8,0x00000000ff200000)
  to   space 120832K, 0% used [0x00000000f0080000,0x00000000f0080000,0x00000000f7680000)
 ParOldGen       total 464384K, used 371922K [0x00000000a0000000, 0x00000000bc580000, 0x00000000e0000000)
  object space 464384K, 80% used [0x00000000a0000000,0x00000000b6b34bb0,0x00000000bc580000)
 Metaspace       used 156396K, capacity 165065K, committed 169944K, reserved 1198080K
  class space    used 18308K, capacity 19796K, committed 20480K, reserved 1048576K
Event: 20100.094 GC heap after
Heap after GC invocations=156 (full 13):
 PSYoungGen      total 383488K, used 33543K [0x00000000e0000000, 0x00000000fec80000, 0x0000000100000000)
  eden space 262656K, 0% used [0x00000000e0000000,0x00000000e0000000,0x00000000f0080000)
  from space 120832K, 27% used [0x00000000f0080000,0x00000000f2141fc8,0x00000000f7680000)
  to   space 113664K, 0% used [0x00000000f7d80000,0x00000000f7d80000,0x00000000fec80000)
 ParOldGen       total 464384K, used 384213K [0x00000000a0000000, 0x00000000bc580000, 0x00000000e0000000)
  object space 464384K, 82% used [0x00000000a0000000,0x00000000b77357c0,0x00000000bc580000)
 Metaspace       used 156396K, capacity 165065K, committed 169944K, reserved 1198080K
  class space    used 18308K, capacity 19796K, committed 20480K, reserved 1048576K
}
Event: 20100.415 GC heap before
{Heap before GC invocations=157 (full 13):
 PSYoungGen      total 383488K, used 296199K [0x00000000e0000000, 0x00000000fec80000, 0x0000000100000000)
  eden space 262656K, 100% used [0x00000000e0000000,0x00000000f0080000,0x00000000f0080000)
  from space 120832K, 27% used [0x00000000f0080000,0x00000000f2141fc8,0x00000000f7680000)
  to   space 113664K, 0% used [0x00000000f7d80000,0x00000000f7d80000,0x00000000fec80000)
 ParOldGen       total 464384K, used 384213K [0x00000000a0000000, 0x00000000bc580000, 0x00000000e0000000)
  object space 464384K, 82% used [0x00000000a0000000,0x00000000b77357c0,0x00000000bc580000)
 Metaspace       used 156401K, capacity 165069K, committed 169944K, reserved 1198080K
  class space    used 18308K, capacity 19796K, committed 20480K, reserved 1048576K
Event: 20100.455 GC heap after
Heap after GC invocations=157 (full 13):
 PSYoungGen      total 395264K, used 46928K [0x00000000e0000000, 0x00000000ff000000, 0x0000000100000000)
  eden space 281600K, 0% used [0x00000000e0000000,0x00000000e0000000,0x00000000f1300000)
  from space 113664K, 41% used [0x00000000f7d80000,0x00000000fab54100,0x00000000fec80000)
  to   space 109056K, 0% used [0x00000000f1300000,0x00000000f1300000,0x00000000f7d80000)
 ParOldGen       total 464384K, used 402336K [0x00000000a0000000, 0x00000000bc580000, 0x00000000e0000000)
  object space 464384K, 86% used [0x00000000a0000000,0x00000000b88e80d0,0x00000000bc580000)
 Metaspace       used 156401K, capacity 165069K, committed 169944K, reserved 1198080K
  class space    used 18308K, capacity 19796K, committed 20480K, reserved 1048576K
}
Event: 20100.466 GC heap before
{Heap before GC invocations=158 (full 14):
 PSYoungGen      total 395264K, used 46928K [0x00000000e0000000, 0x00000000ff000000, 0x0000000100000000)
  eden space 281600K, 0% used [0x00000000e0000000,0x00000000e0000000,0x00000000f1300000)
  from space 113664K, 41% used [0x00000000f7d80000,0x00000000fab54100,0x00000000fec80000)
  to   space 109056K, 0% used [0x00000000f1300000,0x00000000f1300000,0x00000000f7d80000)
 ParOldGen       total 464384K, used 402336K [0x00000000a0000000, 0x00000000bc580000, 0x00000000e0000000)
  object space 464384K, 86% used [0x00000000a0000000,0x00000000b88e80d0,0x00000000bc580000)
 Metaspace       used 156401K, capacity 165069K, committed 169944K, reserved 1198080K
  class space    used 18308K, capacity 19796K, committed 20480K, reserved 1048576K

