# JRE version: OpenJDK Runtime Environment (8.0_202) (build 1.8.0_202-release-1483-b49-5587405)
# Java VM: OpenJDK 64-Bit Server VM (25.202-b49-5587405 mixed mode linux-amd64 compressed oops)
Heap:
 PSYoungGen      total 376320K, used 327770K [0x00000000e0000000, 0x00000000fca80000, 0x0000000100000000)
  eden space 289280K, 100% used [0x00000000e0000000,0x00000000f1a80000,0x00000000f1a80000)
  from space 87040K, 44% used [0x00000000f7580000,0x00000000f9b16838,0x00000000fca80000)
  to   space 90112K, 25% used [0x00000000f1a80000,0x00000000f30bd768,0x00000000f7280000)
 ParOldGen       total 313344K, used 248138K [0x00000000a0000000, 0x00000000b3200000, 0x00000000e0000000)
  object space 313344K, 79% used [0x00000000a0000000,0x00000000af252be0,0x00000000b3200000)
 Metaspace       used 100998K, capacity 105217K, committed 105432K, reserved 1140736K
  class space    used 13126K, capacity 14019K, committed 14080K, reserved 1048576K
GC Heap History (10 events):
Event: 20.454 GC heap after
Heap after GC invocations=20 (full 4):
 PSYoungGen      total 239616K, used 16051K [0x00000000e0000000, 0x00000000f8900000, 0x0000000100000000)
  eden space 208384K, 0% used [0x00000000e0000000,0x00000000e0000000,0x00000000ecb80000)
  from space 31232K, 51% used [0x00000000f0f00000,0x00000000f1eacf00,0x00000000f2d80000)
  to   space 69120K, 0% used [0x00000000ecb80000,0x00000000ecb80000,0x00000000f0f00000)
 ParOldGen       total 313344K, used 154001K [0x00000000a0000000, 0x00000000b3200000, 0x00000000e0000000)
  object space 313344K, 49% used [0x00000000a0000000,0x00000000a96647b0,0x00000000b3200000)
 Metaspace       used 79502K, capacity 81651K, committed 82136K, reserved 1120256K
  class space    used 10433K, capacity 10963K, committed 11008K, reserved 1048576K
}
Event: 21.623 GC heap before
{Heap before GC invocations=21 (full 4):
 PSYoungGen      total 239616K, used 224435K [0x00000000e0000000, 0x00000000f8900000, 0x0000000100000000)
  eden space 208384K, 100% used [0x00000000e0000000,0x00000000ecb80000,0x00000000ecb80000)
  from space 31232K, 51% used [0x00000000f0f00000,0x00000000f1eacf00,0x00000000f2d80000)
  to   space 69120K, 0% used [0x00000000ecb80000,0x00000000ecb80000,0x00000000f0f00000)
 ParOldGen       total 313344K, used 154001K [0x00000000a0000000, 0x00000000b3200000, 0x00000000e0000000)
  object space 313344K, 49% used [0x00000000a0000000,0x00000000a96647b0,0x00000000b3200000)
 Metaspace       used 81105K, capacity 83251K, committed 83544K, reserved 1122304K
  class space    used 10556K, capacity 11091K, committed 11136K, reserved 1048576K
Event: 21.688 GC heap after
Heap after GC invocations=21 (full 4):
 PSYoungGen      total 277504K, used 34851K [0x00000000e0000000, 0x00000000f7700000, 0x0000000100000000)
  eden space 208384K, 0% used [0x00000000e0000000,0x00000000e0000000,0x00000000ecb80000)
  from space 69120K, 50% used [0x00000000ecb80000,0x00000000eed88ce8,0x00000000f0f00000)
  to   space 68608K, 0% used [0x00000000f3400000,0x00000000f3400000,0x00000000f7700000)
 ParOldGen       total 313344K, used 167132K [0x00000000a0000000, 0x00000000b3200000, 0x00000000e0000000)
  object space 313344K, 53% used [0x00000000a0000000,0x00000000aa337010,0x00000000b3200000)
 Metaspace       used 81105K, capacity 83251K, committed 83544K, reserved 1122304K
  class space    used 10556K, capacity 11091K, committed 11136K, reserved 1048576K
}
Event: 22.990 GC heap before
{Heap before GC invocations=22 (full 4):
 PSYoungGen      total 277504K, used 243235K [0x00000000e0000000, 0x00000000f7700000, 0x0000000100000000)
  eden space 208384K, 100% used [0x00000000e0000000,0x00000000ecb80000,0x00000000ecb80000)
  from space 69120K, 50% used [0x00000000ecb80000,0x00000000eed88ce8,0x00000000f0f00000)
  to   space 68608K, 0% used [0x00000000f3400000,0x00000000f3400000,0x00000000f7700000)
 ParOldGen       total 313344K, used 167133K [0x00000000a0000000, 0x00000000b3200000, 0x00000000e0000000)
  object space 313344K, 53% used [0x00000000a0000000,0x00000000aa337660,0x00000000b3200000)
 Metaspace       used 82063K, capacity 84333K, committed 84696K, reserved 1122304K
  class space    used 10646K, capacity 11152K, committed 11264K, reserved 1048576K
Event: 23.036 GC heap after
Heap after GC invocations=22 (full 4):
 PSYoungGen      total 309248K, used 53218K [0x00000000e0000000, 0x00000000f8480000, 0x0000000100000000)
  eden space 240640K, 0% used [0x00000000e0000000,0x00000000e0000000,0x00000000eeb00000)
  from space 68608K, 77% used [0x00000000f3400000,0x00000000f67f8810,0x00000000f7700000)
  to   space 74752K, 0% used [0x00000000eeb00000,0x00000000eeb00000,0x00000000f3400000)
 ParOldGen       total 313344K, used 167141K [0x00000000a0000000, 0x00000000b3200000, 0x00000000e0000000)
  object space 313344K, 53% used [0x00000000a0000000,0x00000000aa339660,0x00000000b3200000)
 Metaspace       used 82063K, capacity 84333K, committed 84696K, reserved 1122304K
  class space    used 10646K, capacity 11152K, committed 11264K, reserved 1048576K
}
Event: 25.155 GC heap before
{Heap before GC invocations=23 (full 4):
 PSYoungGen      total 309248K, used 293858K [0x00000000e0000000, 0x00000000f8480000, 0x0000000100000000)
  eden space 240640K, 100% used [0x00000000e0000000,0x00000000eeb00000,0x00000000eeb00000)
  from space 68608K, 77% used [0x00000000f3400000,0x00000000f67f8810,0x00000000f7700000)
  to   space 74752K, 0% used [0x00000000eeb00000,0x00000000eeb00000,0x00000000f3400000)
 ParOldGen       total 313344K, used 167143K [0x00000000a0000000, 0x00000000b3200000, 0x00000000e0000000)
  object space 313344K, 53% used [0x00000000a0000000,0x00000000aa339e30,0x00000000b3200000)
 Metaspace       used 90634K, capacity 93773K, committed 94040K, reserved 1130496K
  class space    used 11924K, capacity 12604K, committed 12672K, reserved 1048576K
Event: 25.231 GC heap after
Heap after GC invocations=23 (full 4):
 PSYoungGen      total 315392K, used 74740K [0x00000000e0000000, 0x00000000fd200000, 0x0000000100000000)
  eden space 240640K, 0% used [0x00000000e0000000,0x00000000e0000000,0x00000000eeb00000)
  from space 74752K, 99% used [0x00000000eeb00000,0x00000000f33fd178,0x00000000f3400000)
  to   space 94720K, 0% used [0x00000000f7580000,0x00000000f7580000,0x00000000fd200000)
 ParOldGen       total 313344K, used 186262K [0x00000000a0000000, 0x00000000b3200000, 0x00000000e0000000)
  object space 313344K, 59% used [0x00000000a0000000,0x00000000ab5e5b00,0x00000000b3200000)
 Metaspace       used 90634K, capacity 93773K, committed 94040K, reserved 1130496K
  class space    used 11924K, capacity 12604K, committed 12672K, reserved 1048576K
}
Event: 27.834 GC heap before
{Heap before GC invocations=24 (full 4):
 PSYoungGen      total 315392K, used 315380K [0x00000000e0000000, 0x00000000fd200000, 0x0000000100000000)
  eden space 240640K, 100% used [0x00000000e0000000,0x00000000eeb00000,0x00000000eeb00000)
  from space 74752K, 99% used [0x00000000eeb00000,0x00000000f33fd178,0x00000000f3400000)
  to   space 94720K, 0% used [0x00000000f7580000,0x00000000f7580000,0x00000000fd200000)
 ParOldGen       total 313344K, used 186262K [0x00000000a0000000, 0x00000000b3200000, 0x00000000e0000000)
  object space 313344K, 59% used [0x00000000a0000000,0x00000000ab5e5b00,0x00000000b3200000)
 Metaspace       used 93722K, capacity 97177K, committed 97368K, reserved 1134592K
  class space    used 12367K, capacity 13092K, committed 13184K, reserved 1048576K
Event: 27.940 GC heap after
Heap after GC invocations=24 (full 4):
 PSYoungGen      total 376320K, used 38490K [0x00000000e0000000, 0x00000000fca80000, 0x0000000100000000)
  eden space 289280K, 0% used [0x00000000e0000000,0x00000000e0000000,0x00000000f1a80000)
  from space 87040K, 44% used [0x00000000f7580000,0x00000000f9b16838,0x00000000fca80000)
  to   space 90112K, 0% used [0x00000000f1a80000,0x00000000f1a80000,0x00000000f7280000)
 ParOldGen       total 313344K, used 222422K [0x00000000a0000000, 0x00000000b3200000, 0x00000000e0000000)
  object space 313344K, 70% used [0x00000000a0000000,0x00000000ad935b08,0x00000000b3200000)
 Metaspace       used 93722K, capacity 97177K, committed 97368K, reserved 1134592K
  class space    used 12367K, capacity 13092K, committed 13184K, reserved 1048576K
}
Event: 3856.690 GC heap before
{Heap before GC invocations=25 (full 4):
 PSYoungGen      total 376320K, used 327770K [0x00000000e0000000, 0x00000000fca80000, 0x0000000100000000)
  eden space 289280K, 100% used [0x00000000e0000000,0x00000000f1a80000,0x00000000f1a80000)
  from space 87040K, 44% used [0x00000000f7580000,0x00000000f9b16838,0x00000000fca80000)
  to   space 90112K, 0% used [0x00000000f1a80000,0x00000000f1a80000,0x00000000f7280000)
 ParOldGen       total 313344K, used 222422K [0x00000000a0000000, 0x00000000b3200000, 0x00000000e0000000)
  object space 313344K, 70% used [0x00000000a0000000,0x00000000ad935b08,0x00000000b3200000)
 Metaspace       used 100998K, capacity 105217K, committed 105432K, reserved 1140736K
  class space    used 13126K, capacity 14019K, committed 14080K, reserved 1048576K

