# JRE version: OpenJDK Runtime Environment (8.0_202) (build 1.8.0_202-release-1483-b49-5587405)
# Java VM: OpenJDK 64-Bit Server VM (25.202-b49-5587405 mixed mode linux-amd64 compressed oops)
Heap:
 PSYoungGen      total 330240K, used 141120K [0x00000000e0000000, 0x00000000fec80000, 0x0000000100000000)
  eden space 179712K, 57% used [0x00000000e0000000,0x00000000e652fd30,0x00000000eaf80000)
  from space 150528K, 24% used [0x00000000f5980000,0x00000000f7e20370,0x00000000fec80000)
  to   space 162304K, 0% used [0x00000000eaf80000,0x00000000eaf80000,0x00000000f4e00000)
 ParOldGen       total 310272K, used 85527K [0x00000000a0000000, 0x00000000b2f00000, 0x00000000e0000000)
  object space 310272K, 27% used [0x00000000a0000000,0x00000000a5385c60,0x00000000b2f00000)
 Metaspace       used 127261K, capacity 132404K, committed 141784K, reserved 1173504K
  class space    used 15389K, capacity 16327K, committed 17408K, reserved 1048576K
GC Heap History (10 events):
Event: 10719.779 GC heap before
{Heap before GC invocations=63 (full 10):
 PSYoungGen      total 364544K, used 219280K [0x00000000e0000000, 0x0000000100000000, 0x0000000100000000)
  eden space 215552K, 100% used [0x00000000e0000000,0x00000000ed280000,0x00000000ed280000)
  from space 148992K, 2% used [0x00000000f6300000,0x00000000f66a4090,0x00000000ff480000)
  to   space 147968K, 0% used [0x00000000ed280000,0x00000000ed280000,0x00000000f6300000)
 ParOldGen       total 430080K, used 276990K [0x00000000a0000000, 0x00000000ba400000, 0x00000000e0000000)
  object space 430080K, 64% used [0x00000000a0000000,0x00000000b0e7f8d0,0x00000000ba400000)
 Metaspace       used 124077K, capacity 129414K, committed 141656K, reserved 1173504K
  class space    used 15084K, capacity 16060K, committed 17280K, reserved 1048576K
Event: 10719.836 GC heap after
Heap after GC invocations=63 (full 10):
 PSYoungGen      total 363520K, used 96713K [0x00000000e0000000, 0x0000000100000000, 0x0000000100000000)
  eden space 215552K, 0% used [0x00000000e0000000,0x00000000e0000000,0x00000000ed280000)
  from space 147968K, 65% used [0x00000000ed280000,0x00000000f30f2568,0x00000000f6300000)
  to   space 156160K, 0% used [0x00000000f6780000,0x00000000f6780000,0x0000000100000000)
 ParOldGen       total 430080K, used 280308K [0x00000000a0000000, 0x00000000ba400000, 0x00000000e0000000)
  object space 430080K, 65% used [0x00000000a0000000,0x00000000b11bd340,0x00000000ba400000)
 Metaspace       used 124077K, capacity 129414K, committed 141656K, reserved 1173504K
  class space    used 15084K, capacity 16060K, committed 17280K, reserved 1048576K
}
Event: 10720.426 GC heap before
{Heap before GC invocations=64 (full 10):
 PSYoungGen      total 363520K, used 312265K [0x00000000e0000000, 0x0000000100000000, 0x0000000100000000)
  eden space 215552K, 100% used [0x00000000e0000000,0x00000000ed280000,0x00000000ed280000)
  from space 147968K, 65% used [0x00000000ed280000,0x00000000f30f2568,0x00000000f6300000)
  to   space 156160K, 0% used [0x00000000f6780000,0x00000000f6780000,0x0000000100000000)
 ParOldGen       total 430080K, used 280308K [0x00000000a0000000, 0x00000000ba400000, 0x00000000e0000000)
  object space 430080K, 65% used [0x00000000a0000000,0x00000000b11bd340,0x00000000ba400000)
 Metaspace       used 126687K, capacity 132030K, committed 141656K, reserved 1173504K
  class space    used 15334K, capacity 16302K, committed 17280K, reserved 1048576K
Event: 10720.514 GC heap after
Heap after GC invocations=64 (full 10):
 PSYoungGen      total 332288K, used 130405K [0x00000000e0000000, 0x0000000100000000, 0x0000000100000000)
  eden space 176128K, 0% used [0x00000000e0000000,0x00000000e0000000,0x00000000eac00000)
  from space 156160K, 83% used [0x00000000f6780000,0x00000000fe6d9558,0x0000000100000000)
  to   space 174080K, 0% used [0x00000000eac00000,0x00000000eac00000,0x00000000f5600000)
 ParOldGen       total 430080K, used 320834K [0x00000000a0000000, 0x00000000ba400000, 0x00000000e0000000)
  object space 430080K, 74% used [0x00000000a0000000,0x00000000b39509e8,0x00000000ba400000)
 Metaspace       used 126687K, capacity 132030K, committed 141656K, reserved 1173504K
  class space    used 15334K, capacity 16302K, committed 17280K, reserved 1048576K
}
Event: 10721.177 GC heap before
{Heap before GC invocations=65 (full 10):
 PSYoungGen      total 332288K, used 306533K [0x00000000e0000000, 0x0000000100000000, 0x0000000100000000)
  eden space 176128K, 100% used [0x00000000e0000000,0x00000000eac00000,0x00000000eac00000)
  from space 156160K, 83% used [0x00000000f6780000,0x00000000fe6d9558,0x0000000100000000)
  to   space 174080K, 0% used [0x00000000eac00000,0x00000000eac00000,0x00000000f5600000)
 ParOldGen       total 430080K, used 320834K [0x00000000a0000000, 0x00000000ba400000, 0x00000000e0000000)
  object space 430080K, 74% used [0x00000000a0000000,0x00000000b39509e8,0x00000000ba400000)
 Metaspace       used 126787K, capacity 132082K, committed 141784K, reserved 1173504K
  class space    used 15350K, capacity 16312K, committed 17408K, reserved 1048576K
Event: 10721.227 GC heap after
Heap after GC invocations=65 (full 10):
 PSYoungGen      total 350208K, used 17089K [0x00000000e0000000, 0x0000000100000000, 0x0000000100000000)
  eden space 176128K, 0% used [0x00000000e0000000,0x00000000e0000000,0x00000000eac00000)
  from space 174080K, 9% used [0x00000000eac00000,0x00000000ebcb0480,0x00000000f5600000)
  to   space 170496K, 0% used [0x00000000f5980000,0x00000000f5980000,0x0000000100000000)
 ParOldGen       total 430080K, used 365479K [0x00000000a0000000, 0x00000000ba400000, 0x00000000e0000000)
  object space 430080K, 84% used [0x00000000a0000000,0x00000000b64e9cb8,0x00000000ba400000)
 Metaspace       used 126787K, capacity 132082K, committed 141784K, reserved 1173504K
  class space    used 15350K, capacity 16312K, committed 17408K, reserved 1048576K
}
Event: 10721.227 GC heap before
{Heap before GC invocations=66 (full 11):
 PSYoungGen      total 350208K, used 17089K [0x00000000e0000000, 0x0000000100000000, 0x0000000100000000)
  eden space 176128K, 0% used [0x00000000e0000000,0x00000000e0000000,0x00000000eac00000)
  from space 174080K, 9% used [0x00000000eac00000,0x00000000ebcb0480,0x00000000f5600000)
  to   space 170496K, 0% used [0x00000000f5980000,0x00000000f5980000,0x0000000100000000)
 ParOldGen       total 430080K, used 365479K [0x00000000a0000000, 0x00000000ba400000, 0x00000000e0000000)
  object space 430080K, 84% used [0x00000000a0000000,0x00000000b64e9cb8,0x00000000ba400000)
 Metaspace       used 126787K, capacity 132082K, committed 141784K, reserved 1173504K
  class space    used 15350K, capacity 16312K, committed 17408K, reserved 1048576K
Event: 10721.434 GC heap after
Heap after GC invocations=66 (full 11):
 PSYoungGen      total 350208K, used 0K [0x00000000e0000000, 0x0000000100000000, 0x0000000100000000)
  eden space 176128K, 0% used [0x00000000e0000000,0x00000000e0000000,0x00000000eac00000)
  from space 174080K, 0% used [0x00000000eac00000,0x00000000eac00000,0x00000000f5600000)
  to   space 170496K, 0% used [0x00000000f5980000,0x00000000f5980000,0x0000000100000000)
 ParOldGen       total 310272K, used 85519K [0x00000000a0000000, 0x00000000b2f00000, 0x00000000e0000000)
  object space 310272K, 27% used [0x00000000a0000000,0x00000000a5383c60,0x00000000b2f00000)
 Metaspace       used 126277K, capacity 131222K, committed 141784K, reserved 1173504K
  class space    used 15269K, capacity 16162K, committed 17408K, reserved 1048576K
}
Event: 10721.794 GC heap before
{Heap before GC invocations=67 (full 11):
 PSYoungGen      total 350208K, used 176128K [0x00000000e0000000, 0x0000000100000000, 0x0000000100000000)
  eden space 176128K, 100% used [0x00000000e0000000,0x00000000eac00000,0x00000000eac00000)
  from space 174080K, 0% used [0x00000000eac00000,0x00000000eac00000,0x00000000f5600000)
  to   space 170496K, 0% used [0x00000000f5980000,0x00000000f5980000,0x0000000100000000)
 ParOldGen       total 310272K, used 85519K [0x00000000a0000000, 0x00000000b2f00000, 0x00000000e0000000)
  object space 310272K, 27% used [0x00000000a0000000,0x00000000a5383c60,0x00000000b2f00000)
 Metaspace       used 126436K, capacity 131372K, committed 141784K, reserved 1173504K
  class space    used 15273K, capacity 16165K, committed 17408K, reserved 1048576K
Event: 10721.826 GC heap after
Heap after GC invocations=67 (full 11):
 PSYoungGen      total 330240K, used 37504K [0x00000000e0000000, 0x00000000fec80000, 0x0000000100000000)
  eden space 179712K, 0% used [0x00000000e0000000,0x00000000e0000000,0x00000000eaf80000)
  from space 150528K, 24% used [0x00000000f5980000,0x00000000f7e20370,0x00000000fec80000)
  to   space 162304K, 0% used [0x00000000eaf80000,0x00000000eaf80000,0x00000000f4e00000)
 ParOldGen       total 310272K, used 85527K [0x00000000a0000000, 0x00000000b2f00000, 0x00000000e0000000)
  object space 310272K, 27% used [0x00000000a0000000,0x00000000a5385c60,0x00000000b2f00000)
 Metaspace       used 126436K, capacity 131372K, committed 141784K, reserved 1173504K
  class space    used 15273K, capacity 16165K, committed 17408K, reserved 1048576K
}

