# JRE version: OpenJDK Runtime Environment (8.0_202) (build 1.8.0_202-release-1483-b49-5587405)
# Java VM: OpenJDK 64-Bit Server VM (25.202-b49-5587405 mixed mode linux-amd64 compressed oops)
Heap:
 PSYoungGen      total 349696K, used 150692K [0x00000000e0000000, 0x0000000100000000, 0x0000000100000000)
  eden space 175104K, 59% used [0x00000000e0000000,0x00000000e6631e30,0x00000000eab00000)
  from space 174592K, 26% used [0x00000000f5580000,0x00000000f8277568,0x0000000100000000)
  to   space 174592K, 0% used [0x00000000eab00000,0x00000000eab00000,0x00000000f5580000)
 ParOldGen       total 398848K, used 240488K [0x00000000a0000000, 0x00000000b8580000, 0x00000000e0000000)
  object space 398848K, 60% used [0x00000000a0000000,0x00000000aeada1e0,0x00000000b8580000)
 Metaspace       used 121322K, capacity 126464K, committed 126552K, reserved 1159168K
  class space    used 15018K, capacity 15963K, committed 16000K, reserved 1048576K
GC Heap History (10 events):
Event: 2390.604 GC heap before
{Heap before GC invocations=50 (full 8):
 PSYoungGen      total 349696K, used 143112K [0x00000000e0000000, 0x0000000100000000, 0x0000000100000000)
  eden space 175104K, 0% used [0x00000000e0000000,0x00000000e0000000,0x00000000eab00000)
  from space 174592K, 81% used [0x00000000f5580000,0x00000000fe142028,0x0000000100000000)
  to   space 174592K, 0% used [0x00000000eab00000,0x00000000eab00000,0x00000000f5580000)
 ParOldGen       total 360960K, used 305173K [0x00000000a0000000, 0x00000000b6080000, 0x00000000e0000000)
  object space 360960K, 84% used [0x00000000a0000000,0x00000000b2a05558,0x00000000b6080000)
 Metaspace       used 118368K, capacity 123454K, committed 123736K, reserved 1157120K
  class space    used 14716K, capacity 15630K, committed 15744K, reserved 1048576K
Event: 2391.147 GC heap after
Heap after GC invocations=50 (full 8):
 PSYoungGen      total 349696K, used 0K [0x00000000e0000000, 0x0000000100000000, 0x0000000100000000)
  eden space 175104K, 0% used [0x00000000e0000000,0x00000000e0000000,0x00000000eab00000)
  from space 174592K, 0% used [0x00000000f5580000,0x00000000f5580000,0x0000000100000000)
  to   space 174592K, 0% used [0x00000000eab00000,0x00000000eab00000,0x00000000f5580000)
 ParOldGen       total 398848K, used 215832K [0x00000000a0000000, 0x00000000b8580000, 0x00000000e0000000)
  object space 398848K, 54% used [0x00000000a0000000,0x00000000ad2c6108,0x00000000b8580000)
 Metaspace       used 118368K, capacity 123454K, committed 123736K, reserved 1157120K
  class space    used 14716K, capacity 15630K, committed 15744K, reserved 1048576K
}
Event: 2391.980 GC heap before
{Heap before GC invocations=51 (full 8):
 PSYoungGen      total 349696K, used 175104K [0x00000000e0000000, 0x0000000100000000, 0x0000000100000000)
  eden space 175104K, 100% used [0x00000000e0000000,0x00000000eab00000,0x00000000eab00000)
  from space 174592K, 0% used [0x00000000f5580000,0x00000000f5580000,0x0000000100000000)
  to   space 174592K, 0% used [0x00000000eab00000,0x00000000eab00000,0x00000000f5580000)
 ParOldGen       total 398848K, used 215832K [0x00000000a0000000, 0x00000000b8580000, 0x00000000e0000000)
  object space 398848K, 54% used [0x00000000a0000000,0x00000000ad2c6108,0x00000000b8580000)
 Metaspace       used 118411K, capacity 123518K, committed 123736K, reserved 1157120K
  class space    used 14716K, capacity 15630K, committed 15744K, reserved 1048576K
Event: 2392.010 GC heap after
Heap after GC invocations=51 (full 8):
 PSYoungGen      total 349696K, used 17158K [0x00000000e0000000, 0x0000000100000000, 0x0000000100000000)
  eden space 175104K, 0% used [0x00000000e0000000,0x00000000e0000000,0x00000000eab00000)
  from space 174592K, 9% used [0x00000000eab00000,0x00000000ebbc1ad0,0x00000000f5580000)
  to   space 174592K, 0% used [0x00000000f5580000,0x00000000f5580000,0x0000000100000000)
 ParOldGen       total 398848K, used 215840K [0x00000000a0000000, 0x00000000b8580000, 0x00000000e0000000)
  object space 398848K, 54% used [0x00000000a0000000,0x00000000ad2c8108,0x00000000b8580000)
 Metaspace       used 118411K, capacity 123518K, committed 123736K, reserved 1157120K
  class space    used 14716K, capacity 15630K, committed 15744K, reserved 1048576K
}
Event: 2987.588 GC heap before
{Heap before GC invocations=52 (full 8):
 PSYoungGen      total 349696K, used 192262K [0x00000000e0000000, 0x0000000100000000, 0x0000000100000000)
  eden space 175104K, 100% used [0x00000000e0000000,0x00000000eab00000,0x00000000eab00000)
  from space 174592K, 9% used [0x00000000eab00000,0x00000000ebbc1ad0,0x00000000f5580000)
  to   space 174592K, 0% used [0x00000000f5580000,0x00000000f5580000,0x0000000100000000)
 ParOldGen       total 398848K, used 215840K [0x00000000a0000000, 0x00000000b8580000, 0x00000000e0000000)
  object space 398848K, 54% used [0x00000000a0000000,0x00000000ad2c8108,0x00000000b8580000)
 Metaspace       used 118593K, capacity 123602K, committed 123736K, reserved 1157120K
  class space    used 14724K, capacity 15644K, committed 15744K, reserved 1048576K
Event: 2987.648 GC heap after
Heap after GC invocations=52 (full 8):
 PSYoungGen      total 349696K, used 23890K [0x00000000e0000000, 0x0000000100000000, 0x0000000100000000)
  eden space 175104K, 0% used [0x00000000e0000000,0x00000000e0000000,0x00000000eab00000)
  from space 174592K, 13% used [0x00000000f5580000,0x00000000f6cd4b80,0x0000000100000000)
  to   space 174592K, 0% used [0x00000000eab00000,0x00000000eab00000,0x00000000f5580000)
 ParOldGen       total 398848K, used 215848K [0x00000000a0000000, 0x00000000b8580000, 0x00000000e0000000)
  object space 398848K, 54% used [0x00000000a0000000,0x00000000ad2ca108,0x00000000b8580000)
 Metaspace       used 118593K, capacity 123602K, committed 123736K, reserved 1157120K
  class space    used 14724K, capacity 15644K, committed 15744K, reserved 1048576K
}
Event: 2989.083 GC heap before
{Heap before GC invocations=53 (full 8):
 PSYoungGen      total 349696K, used 198994K [0x00000000e0000000, 0x0000000100000000, 0x0000000100000000)
  eden space 175104K, 100% used [0x00000000e0000000,0x00000000eab00000,0x00000000eab00000)
  from space 174592K, 13% used [0x00000000f5580000,0x00000000f6cd4b80,0x0000000100000000)
  to   space 174592K, 0% used [0x00000000eab00000,0x00000000eab00000,0x00000000f5580000)
 ParOldGen       total 398848K, used 215848K [0x00000000a0000000, 0x00000000b8580000, 0x00000000e0000000)
  object space 398848K, 54% used [0x00000000a0000000,0x00000000ad2ca108,0x00000000b8580000)
 Metaspace       used 118690K, capacity 123786K, committed 123992K, reserved 1157120K
  class space    used 14729K, capacity 15654K, committed 15744K, reserved 1048576K
Event: 2989.109 GC heap after
Heap after GC invocations=53 (full 8):
 PSYoungGen      total 349696K, used 3249K [0x00000000e0000000, 0x0000000100000000, 0x0000000100000000)
  eden space 175104K, 0% used [0x00000000e0000000,0x00000000e0000000,0x00000000eab00000)
  from space 174592K, 1% used [0x00000000eab00000,0x00000000eae2c588,0x00000000f5580000)
  to   space 174592K, 0% used [0x00000000f5580000,0x00000000f5580000,0x0000000100000000)
 ParOldGen       total 398848K, used 238906K [0x00000000a0000000, 0x00000000b8580000, 0x00000000e0000000)
  object space 398848K, 59% used [0x00000000a0000000,0x00000000ae94ebf0,0x00000000b8580000)
 Metaspace       used 118690K, capacity 123786K, committed 123992K, reserved 1157120K
  class space    used 14729K, capacity 15654K, committed 15744K, reserved 1048576K
}
Event: 2989.607 GC heap before
{Heap before GC invocations=54 (full 8):
 PSYoungGen      total 349696K, used 178353K [0x00000000e0000000, 0x0000000100000000, 0x0000000100000000)
  eden space 175104K, 100% used [0x00000000e0000000,0x00000000eab00000,0x00000000eab00000)
  from space 174592K, 1% used [0x00000000eab00000,0x00000000eae2c588,0x00000000f5580000)
  to   space 174592K, 0% used [0x00000000f5580000,0x00000000f5580000,0x0000000100000000)
 ParOldGen       total 398848K, used 238906K [0x00000000a0000000, 0x00000000b8580000, 0x00000000e0000000)
  object space 398848K, 59% used [0x00000000a0000000,0x00000000ae94ebf0,0x00000000b8580000)
 Metaspace       used 118740K, capacity 123806K, committed 123992K, reserved 1157120K
  class space    used 14732K, capacity 15658K, committed 15744K, reserved 1048576K
Event: 2989.652 GC heap after
Heap after GC invocations=54 (full 8):
 PSYoungGen      total 349696K, used 46045K [0x00000000e0000000, 0x0000000100000000, 0x0000000100000000)
  eden space 175104K, 0% used [0x00000000e0000000,0x00000000e0000000,0x00000000eab00000)
  from space 174592K, 26% used [0x00000000f5580000,0x00000000f8277568,0x0000000100000000)
  to   space 174592K, 0% used [0x00000000eab00000,0x00000000eab00000,0x00000000f5580000)
 ParOldGen       total 398848K, used 240488K [0x00000000a0000000, 0x00000000b8580000, 0x00000000e0000000)
  object space 398848K, 60% used [0x00000000a0000000,0x00000000aeada1e0,0x00000000b8580000)
 Metaspace       used 118740K, capacity 123806K, committed 123992K, reserved 1157120K
  class space    used 14732K, capacity 15658K, committed 15744K, reserved 1048576K
}

