# JRE version: OpenJDK Runtime Environment (8.0_202) (build 1.8.0_202-release-1483-b49-5587405)
# Java VM: OpenJDK 64-Bit Server VM (25.202-b49-5587405 mixed mode linux-amd64 compressed oops)
Heap:
 PSYoungGen      total 229888K, used 45115K [0x00000000e0000000, 0x00000000fe600000, 0x0000000100000000)
  eden space 184320K, 0% used [0x00000000e0000000,0x00000000e0000000,0x00000000eb400000)
  from space 45568K, 99% used [0x00000000eb400000,0x00000000ee00eed0,0x00000000ee080000)
  to   space 153088K, 0% used [0x00000000f5080000,0x00000000f5080000,0x00000000fe600000)
 ParOldGen       total 311296K, used 305023K [0x00000000a0000000, 0x00000000b3000000, 0x00000000e0000000)
  object space 311296K, 97% used [0x00000000a0000000,0x00000000b29dfee0,0x00000000b3000000)
 Metaspace       used 120076K, capacity 124237K, committed 124376K, reserved 1157120K
  class space    used 14909K, capacity 15767K, committed 15872K, reserved 1048576K
GC Heap History (10 events):
Event: 6244.037 GC heap after
Heap after GC invocations=32 (full 5):
 PSYoungGen      total 349696K, used 4296K [0x00000000e0000000, 0x0000000100000000, 0x0000000100000000)
  eden space 175104K, 0% used [0x00000000e0000000,0x00000000e0000000,0x00000000eab00000)
  from space 174592K, 2% used [0x00000000eab00000,0x00000000eaf321a8,0x00000000f5580000)
  to   space 174592K, 0% used [0x00000000f5580000,0x00000000f5580000,0x0000000100000000)
 ParOldGen       total 311296K, used 215213K [0x00000000a0000000, 0x00000000b3000000, 0x00000000e0000000)
  object space 311296K, 69% used [0x00000000a0000000,0x00000000ad22b6c0,0x00000000b3000000)
 Metaspace       used 118917K, capacity 122997K, committed 123096K, reserved 1157120K
  class space    used 14757K, capacity 15593K, committed 15616K, reserved 1048576K
}
Event: 6245.483 GC heap before
{Heap before GC invocations=33 (full 5):
 PSYoungGen      total 349696K, used 179398K [0x00000000e0000000, 0x0000000100000000, 0x0000000100000000)
  eden space 175104K, 99% used [0x00000000e0000000,0x00000000eaaff6a8,0x00000000eab00000)
  from space 174592K, 2% used [0x00000000eab00000,0x00000000eaf321a8,0x00000000f5580000)
  to   space 174592K, 0% used [0x00000000f5580000,0x00000000f5580000,0x0000000100000000)
 ParOldGen       total 311296K, used 215213K [0x00000000a0000000, 0x00000000b3000000, 0x00000000e0000000)
  object space 311296K, 69% used [0x00000000a0000000,0x00000000ad22b6c0,0x00000000b3000000)
 Metaspace       used 119891K, capacity 124073K, committed 124376K, reserved 1157120K
  class space    used 14904K, capacity 15763K, committed 15872K, reserved 1048576K
Event: 6245.508 GC heap after
Heap after GC invocations=33 (full 5):
 PSYoungGen      total 349696K, used 44743K [0x00000000e0000000, 0x0000000100000000, 0x0000000100000000)
  eden space 175104K, 0% used [0x00000000e0000000,0x00000000e0000000,0x00000000eab00000)
  from space 174592K, 25% used [0x00000000f5580000,0x00000000f8131f38,0x0000000100000000)
  to   space 174592K, 0% used [0x00000000eab00000,0x00000000eab00000,0x00000000f5580000)
 ParOldGen       total 311296K, used 218959K [0x00000000a0000000, 0x00000000b3000000, 0x00000000e0000000)
  object space 311296K, 70% used [0x00000000a0000000,0x00000000ad5d3e98,0x00000000b3000000)
 Metaspace       used 119891K, capacity 124073K, committed 124376K, reserved 1157120K
  class space    used 14904K, capacity 15763K, committed 15872K, reserved 1048576K
}
Event: 6246.374 GC heap before
{Heap before GC invocations=34 (full 5):
 PSYoungGen      total 349696K, used 219847K [0x00000000e0000000, 0x0000000100000000, 0x0000000100000000)
  eden space 175104K, 100% used [0x00000000e0000000,0x00000000eab00000,0x00000000eab00000)
  from space 174592K, 25% used [0x00000000f5580000,0x00000000f8131f38,0x0000000100000000)
  to   space 174592K, 0% used [0x00000000eab00000,0x00000000eab00000,0x00000000f5580000)
 ParOldGen       total 311296K, used 218959K [0x00000000a0000000, 0x00000000b3000000, 0x00000000e0000000)
  object space 311296K, 70% used [0x00000000a0000000,0x00000000ad5d3e98,0x00000000b3000000)
 Metaspace       used 120041K, capacity 124225K, committed 124376K, reserved 1157120K
  class space    used 14906K, capacity 15765K, committed 15872K, reserved 1048576K
Event: 6246.469 GC heap after
Heap after GC invocations=34 (full 5):
 PSYoungGen      total 225792K, used 50509K [0x00000000e0000000, 0x00000000ff900000, 0x0000000100000000)
  eden space 175104K, 0% used [0x00000000e0000000,0x00000000e0000000,0x00000000eab00000)
  from space 50688K, 99% used [0x00000000eab00000,0x00000000edc53450,0x00000000edc80000)
  to   space 171008K, 0% used [0x00000000f5200000,0x00000000f5200000,0x00000000ff900000)
 ParOldGen       total 311296K, used 236014K [0x00000000a0000000, 0x00000000b3000000, 0x00000000e0000000)
  object space 311296K, 75% used [0x00000000a0000000,0x00000000ae67b890,0x00000000b3000000)
 Metaspace       used 120041K, capacity 124225K, committed 124376K, reserved 1157120K
  class space    used 14906K, capacity 15765K, committed 15872K, reserved 1048576K
}
Event: 6247.030 GC heap before
{Heap before GC invocations=35 (full 5):
 PSYoungGen      total 225792K, used 225613K [0x00000000e0000000, 0x00000000ff900000, 0x0000000100000000)
  eden space 175104K, 100% used [0x00000000e0000000,0x00000000eab00000,0x00000000eab00000)
  from space 50688K, 99% used [0x00000000eab00000,0x00000000edc53450,0x00000000edc80000)
  to   space 171008K, 0% used [0x00000000f5200000,0x00000000f5200000,0x00000000ff900000)
 ParOldGen       total 311296K, used 236014K [0x00000000a0000000, 0x00000000b3000000, 0x00000000e0000000)
  object space 311296K, 75% used [0x00000000a0000000,0x00000000ae67b890,0x00000000b3000000)
 Metaspace       used 120047K, capacity 124225K, committed 124376K, reserved 1157120K
  class space    used 14906K, capacity 15765K, committed 15872K, reserved 1048576K
Event: 6247.111 GC heap after
Heap after GC invocations=35 (full 5):
 PSYoungGen      total 355328K, used 45436K [0x00000000e0000000, 0x0000000100000000, 0x0000000100000000)
  eden space 184320K, 0% used [0x00000000e0000000,0x00000000e0000000,0x00000000eb400000)
  from space 171008K, 26% used [0x00000000f5200000,0x00000000f7e5f1d0,0x00000000ff900000)
  to   space 161792K, 0% used [0x00000000eb400000,0x00000000eb400000,0x00000000f5200000)
 ParOldGen       total 311296K, used 261654K [0x00000000a0000000, 0x00000000b3000000, 0x00000000e0000000)
  object space 311296K, 84% used [0x00000000a0000000,0x00000000aff85920,0x00000000b3000000)
 Metaspace       used 120047K, capacity 124225K, committed 124376K, reserved 1157120K
  class space    used 14906K, capacity 15765K, committed 15872K, reserved 1048576K
}
Event: 6247.933 GC heap before
{Heap before GC invocations=36 (full 5):
 PSYoungGen      total 355328K, used 229756K [0x00000000e0000000, 0x0000000100000000, 0x0000000100000000)
  eden space 184320K, 100% used [0x00000000e0000000,0x00000000eb400000,0x00000000eb400000)
  from space 171008K, 26% used [0x00000000f5200000,0x00000000f7e5f1d0,0x00000000ff900000)
  to   space 161792K, 0% used [0x00000000eb400000,0x00000000eb400000,0x00000000f5200000)
 ParOldGen       total 311296K, used 261654K [0x00000000a0000000, 0x00000000b3000000, 0x00000000e0000000)
  object space 311296K, 84% used [0x00000000a0000000,0x00000000aff85920,0x00000000b3000000)
 Metaspace       used 120076K, capacity 124237K, committed 124376K, reserved 1157120K
  class space    used 14909K, capacity 15767K, committed 15872K, reserved 1048576K
Event: 6248.073 GC heap after
Heap after GC invocations=36 (full 5):
 PSYoungGen      total 229888K, used 45115K [0x00000000e0000000, 0x00000000fe600000, 0x0000000100000000)
  eden space 184320K, 0% used [0x00000000e0000000,0x00000000e0000000,0x00000000eb400000)
  from space 45568K, 99% used [0x00000000eb400000,0x00000000ee00eed0,0x00000000ee080000)
  to   space 153088K, 0% used [0x00000000f5080000,0x00000000f5080000,0x00000000fe600000)
 ParOldGen       total 311296K, used 305023K [0x00000000a0000000, 0x00000000b3000000, 0x00000000e0000000)
  object space 311296K, 97% used [0x00000000a0000000,0x00000000b29dfee0,0x00000000b3000000)
 Metaspace       used 120076K, capacity 124237K, committed 124376K, reserved 1157120K
  class space    used 14909K, capacity 15767K, committed 15872K, reserved 1048576K
}
Event: 6248.073 GC heap before
{Heap before GC invocations=37 (full 6):
 PSYoungGen      total 229888K, used 45115K [0x00000000e0000000, 0x00000000fe600000, 0x0000000100000000)
  eden space 184320K, 0% used [0x00000000e0000000,0x00000000e0000000,0x00000000eb400000)
  from space 45568K, 99% used [0x00000000eb400000,0x00000000ee00eed0,0x00000000ee080000)
  to   space 153088K, 0% used [0x00000000f5080000,0x00000000f5080000,0x00000000fe600000)
 ParOldGen       total 311296K, used 305023K [0x00000000a0000000, 0x00000000b3000000, 0x00000000e0000000)
  object space 311296K, 97% used [0x00000000a0000000,0x00000000b29dfee0,0x00000000b3000000)
 Metaspace       used 120076K, capacity 124237K, committed 124376K, reserved 1157120K
  class space    used 14909K, capacity 15767K, committed 15872K, reserved 1048576K

